#
# There is insufficient memory for the Java Runtime Environment to continue.
# Native memory allocation (malloc) failed to allocate 32744 bytes for ChunkPool::allocate
# Possible reasons:
#   The system is out of physical RAM or swap space
#   The process is running with CompressedOops enabled, and the Java Heap may be blocking the growth of the native heap
# Possible solutions:
#   Reduce memory load on the system
#   Increase physical memory or swap space
#   Check if swap backing store is full
#   Decrease Java heap size (-Xmx/-Xms)
#   Decrease number of Java threads
#   Decrease Java thread stack sizes (-Xss)
#   Set larger code cache with -XX:ReservedCodeCacheSize=
#   JVM is running with Unscaled Compressed Oops mode in which the Java heap is
#     placed in the first 4GB address space. The Java Heap base address is the
#     maximum limit for the native heap growth. Please use -XX:HeapBaseMinAddress
#     to set the Java Heap base and to place the Java Heap above 4GB virtual address.
# This output file may be truncated or incomplete.
#
#  Out of Memory Error (./open/src/hotspot/share/memory/arena.cpp:81), pid=1292, tid=6720
#
# JRE version: Java(TM) SE Runtime Environment 18.9 (11.0.12+8) (build 11.0.12+8-LTS-237)
# Java VM: Java HotSpot(TM) 64-Bit Server VM 18.9 (11.0.12+8-LTS-237, mixed mode, tiered, compressed oops, g1 gc, windows-amd64)
# No core dump will be written. Minidumps are not enabled by default on client versions of Windows
#

---------------  S U M M A R Y ------------

Command Line: -javaagent:C:\Program Files\JetBrains\IntelliJ IDEA 2021.3.1\lib\idea_rt.jar=52596:C:\Program Files\JetBrains\IntelliJ IDEA 2021.3.1\bin -Dfile.encoding=UTF-8 com.company.Main

Host: AMD A10-9600P RADEON R5, 10 COMPUTE CORES 4C+6G, 4 cores, 7G,  Windows 10 , 64 bit Build 19041 (10.0.19041.662)
Time: Fri Feb 18 16:01:59 2022 E. Europe Standard Time elapsed time: 31.349704 seconds (0d 0h 0m 31s)

---------------  T H R E A D  ---------------

Current thread (0x000001cbfc96b000):  JavaThread "C1 CompilerThread0" daemon [_thread_in_native, id=6720, stack(0x00000066f9200000,0x00000066f9300000)]


Current CompileTask:
C1:  31349  635       3       java.io.WinNTFileSystem::normalize (143 bytes)

Stack: [0x00000066f9200000,0x00000066f9300000]
Native frames: (J=compiled Java code, j=interpreted, Vv=VM code, C=native code)
V  [jvm.dll+0x617d9a]
V  [jvm.dll+0x74eeef]
V  [jvm.dll+0x750599]
V  [jvm.dll+0x750c23]
V  [jvm.dll+0x2438d8]
V  [jvm.dll+0xba93b]
V  [jvm.dll+0xbac9c]
V  [jvm.dll+0x1613d3]
V  [jvm.dll+0x1614a0]
V  [jvm.dll+0x163cad]
V  [jvm.dll+0x1658c1]
V  [jvm.dll+0x120585]
V  [jvm.dll+0x11fdff]
V  [jvm.dll+0x12002f]
V  [jvm.dll+0x11f2d7]
V  [jvm.dll+0x1211e7]
V  [jvm.dll+0x20b87c]
V  [jvm.dll+0x20997b]
V  [jvm.dll+0x716359]
V  [jvm.dll+0x70f064]
V  [jvm.dll+0x616f66]
C  [ucrtbase.dll+0x214c2]
C  [KERNEL32.DLL+0x17034]
C  [ntdll.dll+0x4d0d1]


---------------  P R O C E S S  ---------------

Threads class SMR info:
_java_thread_list=0x000001cbfd14aff0, length=15, elements={
0x000001cbfbf96800, 0x000001cbfbf97800, 0x000001cbfc010800, 0x000001cbfc011000,
0x000001cbfc012800, 0x000001cbfc017000, 0x000001cbfc96b000, 0x000001cbfc97e000,
0x000001cbfcaaa800, 0x000001cbfcb70000, 0x000001cbfd119800, 0x000001cbfd11d000,
0x000001cbfd172800, 0x000001cbfd19b800, 0x000001cbec776000
}

Java Threads: ( => current thread )
  0x000001cbfbf96800 JavaThread "Reference Handler" daemon [_thread_blocked, id=10400, stack(0x00000066f8c00000,0x00000066f8d00000)]
  0x000001cbfbf97800 JavaThread "Finalizer" daemon [_thread_blocked, id=4088, stack(0x00000066f8d00000,0x00000066f8e00000)]
  0x000001cbfc010800 JavaThread "Signal Dispatcher" daemon [_thread_blocked, id=4704, stack(0x00000066f8e00000,0x00000066f8f00000)]
  0x000001cbfc011000 JavaThread "Attach Listener" daemon [_thread_blocked, id=5264, stack(0x00000066f8f00000,0x00000066f9000000)]
  0x000001cbfc012800 JavaThread "Service Thread" daemon [_thread_blocked, id=9520, stack(0x00000066f9000000,0x00000066f9100000)]
  0x000001cbfc017000 JavaThread "C2 CompilerThread0" daemon [_thread_blocked, id=1452, stack(0x00000066f9100000,0x00000066f9200000)]
=>0x000001cbfc96b000 JavaThread "C1 CompilerThread0" daemon [_thread_in_native, id=6720, stack(0x00000066f9200000,0x00000066f9300000)]
  0x000001cbfc97e000 JavaThread "Sweeper thread" daemon [_thread_blocked, id=11004, stack(0x00000066f9300000,0x00000066f9400000)]
  0x000001cbfcaaa800 JavaThread "Common-Cleaner" daemon [_thread_blocked, id=7724, stack(0x00000066f9400000,0x00000066f9500000)]
  0x000001cbfcb70000 JavaThread "Monitor Ctrl-Break" daemon [_thread_in_native, id=3872, stack(0x00000066f9500000,0x00000066f9600000)]
  0x000001cbfd119800 JavaThread "pool-1-thread-1" [_thread_in_native, id=10448, stack(0x00000066f9800000,0x00000066f9900000)]
  0x000001cbfd11d000 JavaThread "pool-1-thread-2" [_thread_in_native, id=1444, stack(0x00000066f9900000,0x00000066f9a00000)]
  0x000001cbfd172800 JavaThread "pool-1-thread-3" [_thread_in_native, id=9988, stack(0x00000066f9a00000,0x00000066f9b00000)]
  0x000001cbfd19b800 JavaThread "pool-1-thread-4" [_thread_in_native, id=10716, stack(0x00000066f9b00000,0x00000066f9c00000)]
  0x000001cbec776000 JavaThread "DestroyJavaVM" [_thread_blocked, id=2700, stack(0x00000066f8500000,0x00000066f8600000)]

Other Threads:
  0x000001cbfbf95000 VMThread "VM Thread" [stack: 0x00000066f8b00000,0x00000066f8c00000] [id=5624]
  0x000001cbfcb72000 WatcherThread [stack: 0x00000066f9600000,0x00000066f9700000] [id=8688]
  0x000001cbec78b000 GCTaskThread "GC Thread#0" [stack: 0x00000066f8600000,0x00000066f8700000] [id=9296]
  0x000001cbfd10d800 GCTaskThread "GC Thread#1" [stack: 0x00000066f9700000,0x00000066f9800000] [id=9920]
  0x000001cbec7ba000 ConcurrentGCThread "G1 Main Marker" [stack: 0x00000066f8700000,0x00000066f8800000] [id=8308]
  0x000001cbec7bb800 ConcurrentGCThread "G1 Conc#0" [stack: 0x00000066f8800000,0x00000066f8900000] [id=9464]
  0x000001cbec83b800 ConcurrentGCThread "G1 Refine#0" [stack: 0x00000066f8900000,0x00000066f8a00000] [id=8084]
  0x000001cbec83d800 ConcurrentGCThread "G1 Young RemSet Sampling" [stack: 0x00000066f8a00000,0x00000066f8b00000] [id=7224]

Threads with active compile tasks:
C1 CompilerThread0  31624  635       3       java.io.WinNTFileSystem::normalize (143 bytes)

VM state:not at safepoint (normal execution)

VM Mutex/Monitor currently owned by a thread: None

Heap address: 0x0000000088800000, size: 1912 MB, Compressed Oops mode: 32-bit
Narrow klass base: 0x0000000000000000, Narrow klass shift: 3
Compressed class space size: 1073741824 Address: 0x0000000100000000

Heap:
 garbage-first heap   total 122880K, used 6244K [0x0000000088800000, 0x0000000100000000)
  region size 1024K, 9 young (9216K), 2 survivors (2048K)
 Metaspace       used 8676K, capacity 8847K, committed 9088K, reserved 1056768K
  class space    used 796K, capacity 843K, committed 896K, reserved 1048576K
Heap Regions: E=young(eden), S=young(survivor), O=old, HS=humongous(starts), HC=humongous(continues), CS=collection set, F=free, A=archive, TAMS=top-at-mark-start (previous, next)
|   0|0x0000000088800000, 0x0000000088800000, 0x0000000088900000|  0%| F|  |TAMS 0x0000000088800000, 0x0000000088800000| Untracked 
|   1|0x0000000088900000, 0x0000000088900000, 0x0000000088a00000|  0%| F|  |TAMS 0x0000000088900000, 0x0000000088900000| Untracked 
|   2|0x0000000088a00000, 0x0000000088a00000, 0x0000000088b00000|  0%| F|  |TAMS 0x0000000088a00000, 0x0000000088a00000| Untracked 
|   3|0x0000000088b00000, 0x0000000088b00000, 0x0000000088c00000|  0%| F|  |TAMS 0x0000000088b00000, 0x0000000088b00000| Untracked 
|   4|0x0000000088c00000, 0x0000000088c00000, 0x0000000088d00000|  0%| F|  |TAMS 0x0000000088c00000, 0x0000000088c00000| Untracked 
|   5|0x0000000088d00000, 0x0000000088d00000, 0x0000000088e00000|  0%| F|  |TAMS 0x0000000088d00000, 0x0000000088d00000| Untracked 
|   6|0x0000000088e00000, 0x0000000088e00000, 0x0000000088f00000|  0%| F|  |TAMS 0x0000000088e00000, 0x0000000088e00000| Untracked 
|   7|0x0000000088f00000, 0x0000000088f00000, 0x0000000089000000|  0%| F|  |TAMS 0x0000000088f00000, 0x0000000088f00000| Untracked 
|   8|0x0000000089000000, 0x0000000089000000, 0x0000000089100000|  0%| F|  |TAMS 0x0000000089000000, 0x0000000089000000| Untracked 
|   9|0x0000000089100000, 0x0000000089100000, 0x0000000089200000|  0%| F|  |TAMS 0x0000000089100000, 0x0000000089100000| Untracked 
|  10|0x0000000089200000, 0x0000000089200000, 0x0000000089300000|  0%| F|  |TAMS 0x0000000089200000, 0x0000000089200000| Untracked 
|  11|0x0000000089300000, 0x0000000089300000, 0x0000000089400000|  0%| F|  |TAMS 0x0000000089300000, 0x0000000089300000| Untracked 
|  12|0x0000000089400000, 0x0000000089400000, 0x0000000089500000|  0%| F|  |TAMS 0x0000000089400000, 0x0000000089400000| Untracked 
|  13|0x0000000089500000, 0x0000000089500000, 0x0000000089600000|  0%| F|  |TAMS 0x0000000089500000, 0x0000000089500000| Untracked 
|  14|0x0000000089600000, 0x0000000089600000, 0x0000000089700000|  0%| F|  |TAMS 0x0000000089600000, 0x0000000089600000| Untracked 
|  15|0x0000000089700000, 0x0000000089700000, 0x0000000089800000|  0%| F|  |TAMS 0x0000000089700000, 0x0000000089700000| Untracked 
|  16|0x0000000089800000, 0x0000000089800000, 0x0000000089900000|  0%| F|  |TAMS 0x0000000089800000, 0x0000000089800000| Untracked 
|  17|0x0000000089900000, 0x0000000089900000, 0x0000000089a00000|  0%| F|  |TAMS 0x0000000089900000, 0x0000000089900000| Untracked 
|  18|0x0000000089a00000, 0x0000000089a00000, 0x0000000089b00000|  0%| F|  |TAMS 0x0000000089a00000, 0x0000000089a00000| Untracked 
|  19|0x0000000089b00000, 0x0000000089b00000, 0x0000000089c00000|  0%| F|  |TAMS 0x0000000089b00000, 0x0000000089b00000| Untracked 
|  20|0x0000000089c00000, 0x0000000089c00000, 0x0000000089d00000|  0%| F|  |TAMS 0x0000000089c00000, 0x0000000089c00000| Untracked 
|  21|0x0000000089d00000, 0x0000000089d00000, 0x0000000089e00000|  0%| F|  |TAMS 0x0000000089d00000, 0x0000000089d00000| Untracked 
|  22|0x0000000089e00000, 0x0000000089e00000, 0x0000000089f00000|  0%| F|  |TAMS 0x0000000089e00000, 0x0000000089e00000| Untracked 
|  23|0x0000000089f00000, 0x0000000089f00000, 0x000000008a000000|  0%| F|  |TAMS 0x0000000089f00000, 0x0000000089f00000| Untracked 
|  24|0x000000008a000000, 0x000000008a000000, 0x000000008a100000|  0%| F|  |TAMS 0x000000008a000000, 0x000000008a000000| Untracked 
|  25|0x000000008a100000, 0x000000008a100000, 0x000000008a200000|  0%| F|  |TAMS 0x000000008a100000, 0x000000008a100000| Untracked 
|  26|0x000000008a200000, 0x000000008a200000, 0x000000008a300000|  0%| F|  |TAMS 0x000000008a200000, 0x000000008a200000| Untracked 
|  27|0x000000008a300000, 0x000000008a300000, 0x000000008a400000|  0%| F|  |TAMS 0x000000008a300000, 0x000000008a300000| Untracked 
|  28|0x000000008a400000, 0x000000008a400000, 0x000000008a500000|  0%| F|  |TAMS 0x000000008a400000, 0x000000008a400000| Untracked 
|  29|0x000000008a500000, 0x000000008a500000, 0x000000008a600000|  0%| F|  |TAMS 0x000000008a500000, 0x000000008a500000| Untracked 
|  30|0x000000008a600000, 0x000000008a600000, 0x000000008a700000|  0%| F|  |TAMS 0x000000008a600000, 0x000000008a600000| Untracked 
|  31|0x000000008a700000, 0x000000008a700000, 0x000000008a800000|  0%| F|  |TAMS 0x000000008a700000, 0x000000008a700000| Untracked 
|  32|0x000000008a800000, 0x000000008a800000, 0x000000008a900000|  0%| F|  |TAMS 0x000000008a800000, 0x000000008a800000| Untracked 
|  33|0x000000008a900000, 0x000000008a900000, 0x000000008aa00000|  0%| F|  |TAMS 0x000000008a900000, 0x000000008a900000| Untracked 
|  34|0x000000008aa00000, 0x000000008aa00000, 0x000000008ab00000|  0%| F|  |TAMS 0x000000008aa00000, 0x000000008aa00000| Untracked 
|  35|0x000000008ab00000, 0x000000008ab00000, 0x000000008ac00000|  0%| F|  |TAMS 0x000000008ab00000, 0x000000008ab00000| Untracked 
|  36|0x000000008ac00000, 0x000000008ac00000, 0x000000008ad00000|  0%| F|  |TAMS 0x000000008ac00000, 0x000000008ac00000| Untracked 
|  37|0x000000008ad00000, 0x000000008ad00000, 0x000000008ae00000|  0%| F|  |TAMS 0x000000008ad00000, 0x000000008ad00000| Untracked 
|  38|0x000000008ae00000, 0x000000008ae00000, 0x000000008af00000|  0%| F|  |TAMS 0x000000008ae00000, 0x000000008ae00000| Untracked 
|  39|0x000000008af00000, 0x000000008af00000, 0x000000008b000000|  0%| F|  |TAMS 0x000000008af00000, 0x000000008af00000| Untracked 
|  40|0x000000008b000000, 0x000000008b000000, 0x000000008b100000|  0%| F|  |TAMS 0x000000008b000000, 0x000000008b000000| Untracked 
|  41|0x000000008b100000, 0x000000008b100000, 0x000000008b200000|  0%| F|  |TAMS 0x000000008b100000, 0x000000008b100000| Untracked 
|  42|0x000000008b200000, 0x000000008b200000, 0x000000008b300000|  0%| F|  |TAMS 0x000000008b200000, 0x000000008b200000| Untracked 
|  43|0x000000008b300000, 0x000000008b300000, 0x000000008b400000|  0%| F|  |TAMS 0x000000008b300000, 0x000000008b300000| Untracked 
|  44|0x000000008b400000, 0x000000008b400000, 0x000000008b500000|  0%| F|  |TAMS 0x000000008b400000, 0x000000008b400000| Untracked 
|  45|0x000000008b500000, 0x000000008b500000, 0x000000008b600000|  0%| F|  |TAMS 0x000000008b500000, 0x000000008b500000| Untracked 
|  46|0x000000008b600000, 0x000000008b600000, 0x000000008b700000|  0%| F|  |TAMS 0x000000008b600000, 0x000000008b600000| Untracked 
|  47|0x000000008b700000, 0x000000008b700000, 0x000000008b800000|  0%| F|  |TAMS 0x000000008b700000, 0x000000008b700000| Untracked 
|  48|0x000000008b800000, 0x000000008b800000, 0x000000008b900000|  0%| F|  |TAMS 0x000000008b800000, 0x000000008b800000| Untracked 
|  49|0x000000008b900000, 0x000000008b900000, 0x000000008ba00000|  0%| F|  |TAMS 0x000000008b900000, 0x000000008b900000| Untracked 
|  50|0x000000008ba00000, 0x000000008ba00000, 0x000000008bb00000|  0%| F|  |TAMS 0x000000008ba00000, 0x000000008ba00000| Untracked 
|  51|0x000000008bb00000, 0x000000008bb00000, 0x000000008bc00000|  0%| F|  |TAMS 0x000000008bb00000, 0x000000008bb00000| Untracked 
|  52|0x000000008bc00000, 0x000000008bc00000, 0x000000008bd00000|  0%| F|  |TAMS 0x000000008bc00000, 0x000000008bc00000| Untracked 
|  53|0x000000008bd00000, 0x000000008bd00000, 0x000000008be00000|  0%| F|  |TAMS 0x000000008bd00000, 0x000000008bd00000| Untracked 
|  54|0x000000008be00000, 0x000000008be00000, 0x000000008bf00000|  0%| F|  |TAMS 0x000000008be00000, 0x000000008be00000| Untracked 
|  55|0x000000008bf00000, 0x000000008bf00000, 0x000000008c000000|  0%| F|  |TAMS 0x000000008bf00000, 0x000000008bf00000| Untracked 
|  56|0x000000008c000000, 0x000000008c000000, 0x000000008c100000|  0%| F|  |TAMS 0x000000008c000000, 0x000000008c000000| Untracked 
|  57|0x000000008c100000, 0x000000008c100000, 0x000000008c200000|  0%| F|  |TAMS 0x000000008c100000, 0x000000008c100000| Untracked 
|  58|0x000000008c200000, 0x000000008c200000, 0x000000008c300000|  0%| F|  |TAMS 0x000000008c200000, 0x000000008c200000| Untracked 
|  59|0x000000008c300000, 0x000000008c300000, 0x000000008c400000|  0%| F|  |TAMS 0x000000008c300000, 0x000000008c300000| Untracked 
|  60|0x000000008c400000, 0x000000008c400000, 0x000000008c500000|  0%| F|  |TAMS 0x000000008c400000, 0x000000008c400000| Untracked 
|  61|0x000000008c500000, 0x000000008c500000, 0x000000008c600000|  0%| F|  |TAMS 0x000000008c500000, 0x000000008c500000| Untracked 
|  62|0x000000008c600000, 0x000000008c600000, 0x000000008c700000|  0%| F|  |TAMS 0x000000008c600000, 0x000000008c600000| Untracked 
|  63|0x000000008c700000, 0x000000008c700000, 0x000000008c800000|  0%| F|  |TAMS 0x000000008c700000, 0x000000008c700000| Untracked 
|  64|0x000000008c800000, 0x000000008c800000, 0x000000008c900000|  0%| F|  |TAMS 0x000000008c800000, 0x000000008c800000| Untracked 
|  65|0x000000008c900000, 0x000000008c900000, 0x000000008ca00000|  0%| F|  |TAMS 0x000000008c900000, 0x000000008c900000| Untracked 
|  66|0x000000008ca00000, 0x000000008ca00000, 0x000000008cb00000|  0%| F|  |TAMS 0x000000008ca00000, 0x000000008ca00000| Untracked 
|  67|0x000000008cb00000, 0x000000008cb00000, 0x000000008cc00000|  0%| F|  |TAMS 0x000000008cb00000, 0x000000008cb00000| Untracked 
|  68|0x000000008cc00000, 0x000000008cc00000, 0x000000008cd00000|  0%| F|  |TAMS 0x000000008cc00000, 0x000000008cc00000| Untracked 
|  69|0x000000008cd00000, 0x000000008cd00000, 0x000000008ce00000|  0%| F|  |TAMS 0x000000008cd00000, 0x000000008cd00000| Untracked 
|  70|0x000000008ce00000, 0x000000008ce00000, 0x000000008cf00000|  0%| F|  |TAMS 0x000000008ce00000, 0x000000008ce00000| Untracked 
|  71|0x000000008cf00000, 0x000000008cf00000, 0x000000008d000000|  0%| F|  |TAMS 0x000000008cf00000, 0x000000008cf00000| Untracked 
|  72|0x000000008d000000, 0x000000008d000000, 0x000000008d100000|  0%| F|  |TAMS 0x000000008d000000, 0x000000008d000000| Untracked 
|  73|0x000000008d100000, 0x000000008d100000, 0x000000008d200000|  0%| F|  |TAMS 0x000000008d100000, 0x000000008d100000| Untracked 
|  74|0x000000008d200000, 0x000000008d200000, 0x000000008d300000|  0%| F|  |TAMS 0x000000008d200000, 0x000000008d200000| Untracked 
|  75|0x000000008d300000, 0x000000008d300000, 0x000000008d400000|  0%| F|  |TAMS 0x000000008d300000, 0x000000008d300000| Untracked 
|  76|0x000000008d400000, 0x000000008d400000, 0x000000008d500000|  0%| F|  |TAMS 0x000000008d400000, 0x000000008d400000| Untracked 
|  77|0x000000008d500000, 0x000000008d500000, 0x000000008d600000|  0%| F|  |TAMS 0x000000008d500000, 0x000000008d500000| Untracked 
|  78|0x000000008d600000, 0x000000008d600000, 0x000000008d700000|  0%| F|  |TAMS 0x000000008d600000, 0x000000008d600000| Untracked 
|  79|0x000000008d700000, 0x000000008d700000, 0x000000008d800000|  0%| F|  |TAMS 0x000000008d700000, 0x000000008d700000| Untracked 
|  80|0x000000008d800000, 0x000000008d800000, 0x000000008d900000|  0%| F|  |TAMS 0x000000008d800000, 0x000000008d800000| Untracked 
|  81|0x000000008d900000, 0x000000008d900000, 0x000000008da00000|  0%| F|  |TAMS 0x000000008d900000, 0x000000008d900000| Untracked 
|  82|0x000000008da00000, 0x000000008da00000, 0x000000008db00000|  0%| F|  |TAMS 0x000000008da00000, 0x000000008da00000| Untracked 
|  83|0x000000008db00000, 0x000000008db00000, 0x000000008dc00000|  0%| F|  |TAMS 0x000000008db00000, 0x000000008db00000| Untracked 
|  84|0x000000008dc00000, 0x000000008dc00000, 0x000000008dd00000|  0%| F|  |TAMS 0x000000008dc00000, 0x000000008dc00000| Untracked 
|  85|0x000000008dd00000, 0x000000008dd00000, 0x000000008de00000|  0%| F|  |TAMS 0x000000008dd00000, 0x000000008dd00000| Untracked 
|  86|0x000000008de00000, 0x000000008de00000, 0x000000008df00000|  0%| F|  |TAMS 0x000000008de00000, 0x000000008de00000| Untracked 
|  87|0x000000008df00000, 0x000000008df00000, 0x000000008e000000|  0%| F|  |TAMS 0x000000008df00000, 0x000000008df00000| Untracked 
|  88|0x000000008e000000, 0x000000008e000000, 0x000000008e100000|  0%| F|  |TAMS 0x000000008e000000, 0x000000008e000000| Untracked 
|  89|0x000000008e100000, 0x000000008e100000, 0x000000008e200000|  0%| F|  |TAMS 0x000000008e100000, 0x000000008e100000| Untracked 
|  90|0x000000008e200000, 0x000000008e200000, 0x000000008e300000|  0%| F|  |TAMS 0x000000008e200000, 0x000000008e200000| Untracked 
|  91|0x000000008e300000, 0x000000008e300000, 0x000000008e400000|  0%| F|  |TAMS 0x000000008e300000, 0x000000008e300000| Untracked 
|  92|0x000000008e400000, 0x000000008e400000, 0x000000008e500000|  0%| F|  |TAMS 0x000000008e400000, 0x000000008e400000| Untracked 
|  93|0x000000008e500000, 0x000000008e500000, 0x000000008e600000|  0%| F|  |TAMS 0x000000008e500000, 0x000000008e500000| Untracked 
|  94|0x000000008e600000, 0x000000008e600000, 0x000000008e700000|  0%| F|  |TAMS 0x000000008e600000, 0x000000008e600000| Untracked 
|  95|0x000000008e700000, 0x000000008e700000, 0x000000008e800000|  0%| F|  |TAMS 0x000000008e700000, 0x000000008e700000| Untracked 
|  96|0x000000008e800000, 0x000000008e800000, 0x000000008e900000|  0%| F|  |TAMS 0x000000008e800000, 0x000000008e800000| Untracked 
|  97|0x000000008e900000, 0x000000008e900000, 0x000000008ea00000|  0%| F|  |TAMS 0x000000008e900000, 0x000000008e900000| Untracked 
|  98|0x000000008ea00000, 0x000000008ea00000, 0x000000008eb00000|  0%| F|  |TAMS 0x000000008ea00000, 0x000000008ea00000| Untracked 
|  99|0x000000008eb00000, 0x000000008eb00000, 0x000000008ec00000|  0%| F|  |TAMS 0x000000008eb00000, 0x000000008eb00000| Untracked 
| 100|0x000000008ec00000, 0x000000008ec00000, 0x000000008ed00000|  0%| F|  |TAMS 0x000000008ec00000, 0x000000008ec00000| Untracked 
| 101|0x000000008ed00000, 0x000000008ed00000, 0x000000008ee00000|  0%| F|  |TAMS 0x000000008ed00000, 0x000000008ed00000| Untracked 
| 102|0x000000008ee00000, 0x000000008ee00000, 0x000000008ef00000|  0%| F|  |TAMS 0x000000008ee00000, 0x000000008ee00000| Untracked 
| 103|0x000000008ef00000, 0x000000008ef00000, 0x000000008f000000|  0%| F|  |TAMS 0x000000008ef00000, 0x000000008ef00000| Untracked 
| 104|0x000000008f000000, 0x000000008f019010, 0x000000008f100000|  9%| S|CS|TAMS 0x000000008f000000, 0x000000008f000000| Complete 
| 105|0x000000008f100000, 0x000000008f200000, 0x000000008f200000|100%| S|CS|TAMS 0x000000008f100000, 0x000000008f100000| Complete 
| 106|0x000000008f200000, 0x000000008f200000, 0x000000008f300000|  0%| F|  |TAMS 0x000000008f200000, 0x000000008f200000| Untracked 
| 107|0x000000008f300000, 0x000000008f300000, 0x000000008f400000|  0%| F|  |TAMS 0x000000008f300000, 0x000000008f300000| Untracked 
| 108|0x000000008f400000, 0x000000008f400000, 0x000000008f500000|  0%| F|  |TAMS 0x000000008f400000, 0x000000008f400000| Untracked 
| 109|0x000000008f500000, 0x000000008f500000, 0x000000008f600000|  0%| F|  |TAMS 0x000000008f500000, 0x000000008f500000| Untracked 
| 110|0x000000008f600000, 0x000000008f600000, 0x000000008f700000|  0%| F|  |TAMS 0x000000008f600000, 0x000000008f600000| Untracked 
| 111|0x000000008f700000, 0x000000008f700000, 0x000000008f800000|  0%| F|  |TAMS 0x000000008f700000, 0x000000008f700000| Untracked 
| 112|0x000000008f800000, 0x000000008f800000, 0x000000008f900000|  0%| F|  |TAMS 0x000000008f800000, 0x000000008f800000| Untracked 
| 113|0x000000008f900000, 0x000000008f9f9f80, 0x000000008fa00000| 97%| E|  |TAMS 0x000000008f900000, 0x000000008f900000| Complete 
| 114|0x000000008fa00000, 0x000000008fb00000, 0x000000008fb00000|100%| E|CS|TAMS 0x000000008fa00000, 0x000000008fa00000| Complete 
| 115|0x000000008fb00000, 0x000000008fc00000, 0x000000008fc00000|100%| E|CS|TAMS 0x000000008fb00000, 0x000000008fb00000| Complete 
| 116|0x000000008fc00000, 0x000000008fd00000, 0x000000008fd00000|100%| E|CS|TAMS 0x000000008fc00000, 0x000000008fc00000| Complete 
| 117|0x000000008fd00000, 0x000000008fe00000, 0x000000008fe00000|100%| E|CS|TAMS 0x000000008fd00000, 0x000000008fd00000| Complete 
| 118|0x000000008fe00000, 0x000000008ff00000, 0x000000008ff00000|100%| E|CS|TAMS 0x000000008fe00000, 0x000000008fe00000| Complete 
| 119|0x000000008ff00000, 0x0000000090000000, 0x0000000090000000|100%| E|  |TAMS 0x000000008ff00000, 0x000000008ff00000| Complete 

Card table byte_map: [0x000001cbf5650000,0x000001cbf5a10000] _byte_map_base: 0x000001cbf520c000

Marking Bits (Prev, Next): (CMBitMap*) 0x000001cbec7b1cd8, (CMBitMap*) 0x000001cbec7b1d10
 Prev Bits: [0x000001cbf5dd0000, 0x000001cbf7bb0000)
 Next Bits: [0x000001cbf7bb0000, 0x000001cbf9990000)

Polling page: 0x000001cbf4c40000

Metaspace:

Usage:
  Non-class:      7.82 MB capacity,     7.70 MB ( 98%) used,   109.60 KB (  1%) free+waste,    14.63 KB ( <1%) overhead. 
      Class:    843.00 KB capacity,   796.29 KB ( 94%) used,    39.71 KB (  5%) free+waste,     7.00 KB ( <1%) overhead. 
       Both:      8.64 MB capacity,     8.47 MB ( 98%) used,   149.31 KB (  2%) free+waste,    21.63 KB ( <1%) overhead. 

Virtual space:
  Non-class space:        8.00 MB reserved,       8.00 MB (100%) committed 
      Class space:        1.00 GB reserved,     896.00 KB ( <1%) committed 
             Both:        1.01 GB reserved,       8.88 MB ( <1%) committed 

Chunk freelists:
   Non-Class:  7.50 KB
       Class:  2.63 KB
        Both:  10.13 KB

CodeHeap 'non-profiled nmethods': size=120064Kb used=168Kb max_used=168Kb free=119895Kb
 bounds [0x000001cb87ac0000, 0x000001cb87d30000, 0x000001cb8f000000]
CodeHeap 'profiled nmethods': size=120000Kb used=993Kb max_used=993Kb free=119006Kb
 bounds [0x000001cb80590000, 0x000001cb80800000, 0x000001cb87ac0000]
CodeHeap 'non-nmethods': size=5696Kb used=1068Kb max_used=1082Kb free=4627Kb
 bounds [0x000001cb80000000, 0x000001cb80270000, 0x000001cb80590000]
 total_blobs=1004 nmethods=636 adapters=281
 compilation: enabled
              stopped_count=0, restarted_count=0
 full_count=0

Compilation events (10 events):
Event: 26.394 Thread 0x000001cbfc96b000 nmethod 632 0x000001cb80687510 code [0x000001cb80687720, 0x000001cb80687d38]
Event: 26.400 Thread 0x000001cbfc96b000  633       3       java.io.OutputStream::flush (1 bytes)
Event: 26.400 Thread 0x000001cbfc96b000 nmethod 633 0x000001cb80688010 code [0x000001cb806881a0, 0x000001cb80688298]
Event: 31.272 Thread 0x000001cbfc96b000  634       3       java.lang.invoke.MethodType::erase (8 bytes)
Event: 31.272 Thread 0x000001cbfc96b000 nmethod 634 0x000001cb80688310 code [0x000001cb806884a0, 0x000001cb806885b8]
Event: 31.279 Thread 0x000001cbfc96b000  635       3       java.io.WinNTFileSystem::normalize (143 bytes)
Event: 31.280 Thread 0x000001cbfc017000  636       4       java.lang.AbstractStringBuilder::append (77 bytes)
Event: 31.287 Thread 0x000001cbfc017000 nmethod 636 0x000001cb87ae9010 code [0x000001cb87ae91c0, 0x000001cb87ae96c8]
Event: 31.287 Thread 0x000001cbfc017000  637       4       java.lang.StringBuilder::append (8 bytes)
Event: 31.292 Thread 0x000001cbfc017000 nmethod 637 0x000001cb87ae9910 code [0x000001cb87ae9ac0, 0x000001cb87ae9fe8]

GC Heap History (2 events):
Event: 0.952 GC heap before
{Heap before GC invocations=0 (full 0):
 garbage-first heap   total 122880K, used 13312K [0x0000000088800000, 0x0000000100000000)
  region size 1024K, 14 young (14336K), 0 survivors (0K)
 Metaspace       used 6965K, capacity 7103K, committed 7424K, reserved 1056768K
  class space    used 624K, capacity 667K, committed 768K, reserved 1048576K
}
Event: 0.957 GC heap after
{Heap after GC invocations=1 (full 0):
 garbage-first heap   total 122880K, used 1124K [0x0000000088800000, 0x0000000100000000)
  region size 1024K, 2 young (2048K), 2 survivors (2048K)
 Metaspace       used 6965K, capacity 7103K, committed 7424K, reserved 1056768K
  class space    used 624K, capacity 667K, committed 768K, reserved 1048576K
}

Deoptimization events (8 events):
Event: 0.502 Thread 0x000001cbec776000 Uncommon trap: reason=unstable_if action=reinterpret pc=0x000001cb87acafd0 method=java.util.HashMap.putVal(ILjava/lang/Object;Ljava/lang/Object;ZZ)Ljava/lang/Object; @ 69 c2
Event: 0.560 Thread 0x000001cbec776000 Uncommon trap: reason=unstable_if action=reinterpret pc=0x000001cb87acd7f8 method=java.lang.String.isLatin1()Z @ 10 c2
Event: 0.618 Thread 0x000001cbec776000 Uncommon trap: reason=unstable_if action=reinterpret pc=0x000001cb87acda90 method=java.lang.String.isLatin1()Z @ 10 c2
Event: 0.706 Thread 0x000001cbec776000 Uncommon trap: reason=bimorphic_or_optimized_type_check action=maybe_recompile pc=0x000001cb87ac8f94 method=java.util.AbstractCollection.isEmpty()Z @ 1 c2
Event: 0.706 Thread 0x000001cbec776000 Uncommon trap: reason=bimorphic_or_optimized_type_check action=maybe_recompile pc=0x000001cb87ac8f94 method=java.util.AbstractCollection.isEmpty()Z @ 1 c2
Event: 0.707 Thread 0x000001cbec776000 Uncommon trap: reason=bimorphic_or_optimized_type_check action=maybe_recompile pc=0x000001cb87ac8f94 method=java.util.AbstractCollection.isEmpty()Z @ 1 c2
Event: 0.711 Thread 0x000001cbec776000 Uncommon trap: reason=bimorphic_or_optimized_type_check action=maybe_recompile pc=0x000001cb87ac8f94 method=java.util.AbstractCollection.isEmpty()Z @ 1 c2
Event: 1.376 Thread 0x000001cbfc011000 Uncommon trap: reason=unstable_if action=reinterpret pc=0x000001cb87ac8928 method=java.lang.String.equals(Ljava/lang/Object;)Z @ 27 c2

Classes redefined (0 events):
No events

Internal exceptions (2 events):
Event: 0.966 Thread 0x000001cbec776000 Exception <a 'java/lang/NoSuchMethodError'{0x000000008fd66d70}: java.lang.invoke.DirectMethodHandle$Holder.invokeSpecialIFC(Ljava/lang/Object;Ljava/lang/Object;I)I> (0x000000008fd66d70) thrown at [./open/src/hotspot/share/interpreter/linkResolver.cpp, lin
Event: 1.367 Thread 0x000001cbfc011000 Exception <a 'java/lang/NoSuchMethodError'{0x000000008f908090}: java.lang.invoke.DirectMethodHandle$Holder.invokeStaticInit(Ljava/lang/Object;I)Ljava/lang/Object;> (0x000000008f908090) thrown at [./open/src/hotspot/share/interpreter/linkResolver.cpp, line

Events (10 events):
Event: 1.376 Thread 0x000001cbfc011000 DEOPT PACKING pc=0x000001cb87ac8928 sp=0x00000066f8ffe5d0
Event: 1.377 Thread 0x000001cbfc011000 DEOPT UNPACKING pc=0x000001cb8002662f sp=0x00000066f8ffe570 mode 2
Event: 6.115 loading class java/io/FileOutputStream$1
Event: 6.115 loading class java/io/FileOutputStream$1 done
Event: 11.190 Executing VM operation: RevokeBias
Event: 11.190 Executing VM operation: RevokeBias done
Event: 31.269 Executing VM operation: RevokeBias
Event: 31.269 Executing VM operation: RevokeBias done
Event: 31.269 Executing VM operation: RevokeBias
Event: 31.269 Executing VM operation: RevokeBias done


Dynamic libraries:
0x00007ff709d30000 - 0x00007ff709d3f000 	C:\Program Files\Java\jdk-11.0.12\bin\java.exe
0x00007ffc25cf0000 - 0x00007ffc25ee6000 	C:\Windows\SYSTEM32\ntdll.dll
0x00007ffc256a0000 - 0x00007ffc2575d000 	C:\Windows\System32\KERNEL32.DLL
0x00007ffc238e0000 - 0x00007ffc23ba9000 	C:\Windows\System32\KERNELBASE.dll
0x00007ffc235d0000 - 0x00007ffc236d0000 	C:\Windows\System32\ucrtbase.dll
0x00007ffc18e20000 - 0x00007ffc18e38000 	C:\Program Files\Java\jdk-11.0.12\bin\jli.dll
0x00007ffc24500000 - 0x00007ffc245ac000 	C:\Windows\System32\ADVAPI32.dll
0x00007ffc25760000 - 0x00007ffc257fe000 	C:\Windows\System32\msvcrt.dll
0x00007ffc25bf0000 - 0x00007ffc25c8c000 	C:\Windows\System32\sechost.dll
0x00007ffc25810000 - 0x00007ffc2593b000 	C:\Windows\System32\RPCRT4.dll
0x00007ffc24db0000 - 0x00007ffc24f50000 	C:\Windows\System32\USER32.dll
0x00007ffc23700000 - 0x00007ffc23722000 	C:\Windows\System32\win32u.dll
0x00007ffc245b0000 - 0x00007ffc245da000 	C:\Windows\System32\GDI32.dll
0x00007ffc234c0000 - 0x00007ffc235c9000 	C:\Windows\System32\gdi32full.dll
0x00007ffc237e0000 - 0x00007ffc2387d000 	C:\Windows\System32\msvcp_win.dll
0x00007ffc18e40000 - 0x00007ffc18e55000 	C:\Program Files\Java\jdk-11.0.12\bin\VCRUNTIME140.dll
0x00007ffc04ae0000 - 0x00007ffc04d7b000 	C:\Windows\WinSxS\amd64_microsoft.windows.common-controls_6595b64144ccf1df_6.0.19041.488_none_ca04af081b815d21\COMCTL32.dll
0x00007ffc1b9f0000 - 0x00007ffc1b9fa000 	C:\Windows\SYSTEM32\VERSION.dll
0x00007ffc23fc0000 - 0x00007ffc23ff0000 	C:\Windows\System32\IMM32.DLL
0x00007ffc0ccc0000 - 0x00007ffc0cd5b000 	C:\Program Files\Java\jdk-11.0.12\bin\msvcp140.dll
0x00007ffbc97b0000 - 0x00007ffbca2af000 	C:\Program Files\Java\jdk-11.0.12\bin\server\jvm.dll
0x00007ffc25800000 - 0x00007ffc25808000 	C:\Windows\System32\PSAPI.DLL
0x00007ffc1efb0000 - 0x00007ffc1efb9000 	C:\Windows\SYSTEM32\WSOCK32.dll
0x00007ffc245e0000 - 0x00007ffc2464b000 	C:\Windows\System32\WS2_32.dll
0x00007ffc15080000 - 0x00007ffc150a7000 	C:\Windows\SYSTEM32\WINMM.dll
0x00007ffc212e0000 - 0x00007ffc212f2000 	C:\Windows\SYSTEM32\kernel.appcore.dll
0x00007ffc18e10000 - 0x00007ffc18e20000 	C:\Program Files\Java\jdk-11.0.12\bin\verify.dll
0x00007ffc1d5f0000 - 0x00007ffc1d7d4000 	C:\Windows\SYSTEM32\DBGHELP.DLL
0x00007ffc13ac0000 - 0x00007ffc13aec000 	C:\Windows\SYSTEM32\dbgcore.DLL
0x00007ffc23bb0000 - 0x00007ffc23c30000 	C:\Windows\System32\bcryptPrimitives.dll
0x00007ffc0d780000 - 0x00007ffc0d7a8000 	C:\Program Files\Java\jdk-11.0.12\bin\java.dll
0x00007ffc18e00000 - 0x00007ffc18e0a000 	C:\Program Files\Java\jdk-11.0.12\bin\jimage.dll
0x00007ffc18d40000 - 0x00007ffc18d4e000 	C:\Program Files\Java\jdk-11.0.12\bin\instrument.dll
0x00007ffc0dde0000 - 0x00007ffc0ddf6000 	C:\Program Files\Java\jdk-11.0.12\bin\zip.dll
0x00007ffc24f50000 - 0x00007ffc25692000 	C:\Windows\System32\SHELL32.dll
0x00007ffc215c0000 - 0x00007ffc21d55000 	C:\Windows\SYSTEM32\windows.storage.dll
0x00007ffc23ff0000 - 0x00007ffc24346000 	C:\Windows\System32\combase.dll
0x00007ffc22e10000 - 0x00007ffc22e3c000 	C:\Windows\SYSTEM32\Wldp.dll
0x00007ffc25a30000 - 0x00007ffc25ade000 	C:\Windows\System32\SHCORE.dll
0x00007ffc23f60000 - 0x00007ffc23fb5000 	C:\Windows\System32\shlwapi.dll
0x00007ffc233a0000 - 0x00007ffc233c6000 	C:\Windows\SYSTEM32\profapi.dll
0x00007ffc0d760000 - 0x00007ffc0d779000 	C:\Program Files\Java\jdk-11.0.12\bin\net.dll
0x00007ffc19560000 - 0x00007ffc19660000 	C:\Windows\SYSTEM32\WINHTTP.dll
0x00007ffc22b90000 - 0x00007ffc22bfa000 	C:\Windows\system32\mswsock.dll
0x00007ffc0cca0000 - 0x00007ffc0ccb2000 	C:\Program Files\Java\jdk-11.0.12\bin\nio.dll
0x00007ffc0cc80000 - 0x00007ffc0cc9a000 	C:\Program Files\JetBrains\IntelliJ IDEA 2021.3.1\bin\breakgen64.dll
0x00007ffc228d0000 - 0x00007ffc2299b000 	C:\Windows\SYSTEM32\DNSAPI.dll
0x00007ffc22880000 - 0x00007ffc228bb000 	C:\Windows\SYSTEM32\IPHLPAPI.DLL
0x00007ffc25a20000 - 0x00007ffc25a28000 	C:\Windows\System32\NSI.dll
0x00007ffc192e0000 - 0x00007ffc192ea000 	C:\Windows\System32\rasadhlp.dll
0x00007ffc19300000 - 0x00007ffc1937f000 	C:\Windows\System32\fwpuclnt.dll
0x00007ffc236d0000 - 0x00007ffc236f7000 	C:\Windows\System32\bcrypt.dll

dbghelp: loaded successfully - version: 4.0.5 - missing functions: none
symbol engine: initialized successfully - sym options: 0x614 - pdb path: .;C:\Program Files\Java\jdk-11.0.12\bin;C:\Windows\SYSTEM32;C:\Windows\WinSxS\amd64_microsoft.windows.common-controls_6595b64144ccf1df_6.0.19041.488_none_ca04af081b815d21;C:\Program Files\Java\jdk-11.0.12\bin\server;C:\Program Files\JetBrains\IntelliJ IDEA 2021.3.1\bin

VM Arguments:
jvm_args: -javaagent:C:\Program Files\JetBrains\IntelliJ IDEA 2021.3.1\lib\idea_rt.jar=52596:C:\Program Files\JetBrains\IntelliJ IDEA 2021.3.1\bin -Dfile.encoding=UTF-8 
java_command: com.company.Main
java_class_path (initial): C:\Users\Olexei\IdeaProjects\PR_Lab1\out\production\PR_Lab1
Launcher Type: SUN_STANDARD

[Global flags]
     intx CICompilerCount                          = 3                                         {product} {ergonomic}
     uint ConcGCThreads                            = 1                                         {product} {ergonomic}
     uint G1ConcRefinementThreads                  = 4                                         {product} {ergonomic}
   size_t G1HeapRegionSize                         = 1048576                                   {product} {ergonomic}
    uintx GCDrainStackTargetSize                   = 64                                        {product} {ergonomic}
   size_t InitialHeapSize                          = 125829120                                 {product} {ergonomic}
   size_t MarkStackSize                            = 4194304                                   {product} {ergonomic}
   size_t MaxHeapSize                              = 2004877312                                {product} {ergonomic}
   size_t MaxNewSize                               = 1202716672                                {product} {ergonomic}
   size_t MinHeapDeltaBytes                        = 1048576                                   {product} {ergonomic}
    uintx NonNMethodCodeHeapSize                   = 5830732                                {pd product} {ergonomic}
    uintx NonProfiledCodeHeapSize                  = 122913754                              {pd product} {ergonomic}
    uintx ProfiledCodeHeapSize                     = 122913754                              {pd product} {ergonomic}
    uintx ReservedCodeCacheSize                    = 251658240                              {pd product} {ergonomic}
     bool SegmentedCodeCache                       = true                                      {product} {ergonomic}
     bool UseCompressedClassPointers               = true                                 {lp64_product} {ergonomic}
     bool UseCompressedOops                        = true                                 {lp64_product} {ergonomic}
     bool UseG1GC                                  = true                                      {product} {ergonomic}
     bool UseLargePagesIndividualAllocation        = false                                  {pd product} {ergonomic}

Logging:
Log output configuration:
 #0: stdout all=warning uptime,level,tags
 #1: stderr all=off uptime,level,tags

Environment Variables:
PATH=C:\Program Files\Common Files\Oracle\Java\javapath;C:\Windows\system32;C:\Windows;C:\Windows\System32\Wbem;C:\Windows\System32\WindowsPowerShell\v1.0\;C:\Program Files\Git\cmd;C:\Program Files (x86)\Microsoft SQL Server\150\Tools\Binn\;C:\Program Files\Microsoft SQL Server\150\Tools\Binn\;C:\Program Files (x86)\Microsoft SQL Server\150\DTS\Binn\;C:\Program Files\Microsoft SQL Server\150\DTS\Binn\;C:\Program Files\Microsoft SQL Server\Client SDK\ODBC\170\Tools\Binn\;C:\Program Files\Azure Data Studio\bin;C:\ProgramData\ComposerSetup\bin;C:\Program Files\Symfony;C:\Program Files\nodejs\;C:\Bitnami\wampstack-8.0.11-3\php;C:\Program Files\Docker\Docker\resources\bin;C:\ProgramData\DockerDesktop\version-bin;C:\Program Files\MATLAB\R2011b\runtime\win64;C:\Program Files\MATLAB\R2011b\bin;C:\Users\Olexei\AppData\Local\Microsoft\WindowsApps;C:\Program Files\Azure Data Studio\bin;C:\Users\Olexei\AppData\Roaming\Composer\vendor\bin;C:\Users\Olexei\AppData\Roaming\npm;C:\Program Files\Docker Toolbox;C:\Program Files\MongoDB\Server\5.0\bin;
USERNAME=Olexei
OS=Windows_NT
PROCESSOR_IDENTIFIER=AMD64 Family 21 Model 101 Stepping 1, AuthenticAMD



---------------  S Y S T E M  ---------------

OS: Windows 10 , 64 bit Build 19041 (10.0.19041.662)

CPU:total 4 (initial active 4) (4 cores per cpu, 1 threads per core) family 21 model 101 stepping 1 microcode 0x0, cmov, cx8, fxsr, mmx, sse, sse2, sse3, ssse3, sse4.1, sse4.2, popcnt, avx, avx2, aes, clmul, mmxext, 3dnowpref, lzcnt, sse4a, tsc, tscinvbit, tscinv, bmi1, bmi2, fma

Memory: 4k page, system-wide physical 7647M (1201M free)
TotalPageFile size 7647M (AvailPageFile size 147M)
current process WorkingSet (physical memory assigned to process): 54M, peak: 55M
current process commit charge ("private bytes"): 193M, peak: 195M

vm_info: Java HotSpot(TM) 64-Bit Server VM (11.0.12+8-LTS-237) for windows-amd64 JRE (11.0.12+8-LTS-237), built on Jun  8 2021 11:25:59 by "mach5one" with MS VC++ 15.9 (VS2017)

END.
